mode: set
github.com/taiebswe/awesome-api/main.go:13.13,15.43 2 0
github.com/taiebswe/awesome-api/main.go:18.2,21.57 2 0
github.com/taiebswe/awesome-api/main.go:15.43,17.3 1 0
github.com/taiebswe/awesome-api/main.go:24.32,34.2 4 0
github.com/taiebswe/awesome-api/main.go:36.65,44.2 2 0
github.com/taiebswe/awesome-api/main.go:46.59,54.25 4 1
github.com/taiebswe/awesome-api/main.go:67.2,67.46 1 1
github.com/taiebswe/awesome-api/main.go:73.2,76.56 2 1
github.com/taiebswe/awesome-api/main.go:55.9,57.12 1 1
github.com/taiebswe/awesome-api/main.go:58.9,60.23 1 1
github.com/taiebswe/awesome-api/main.go:61.10,63.39 1 1
github.com/taiebswe/awesome-api/main.go:67.46,70.3 2 1
